2013/09/29 14:22:30 [error] [exception.CException] exception 'CException' with message 'Alias "bootstrap.widgets.TbCarousel" is invalid. Make sure it points to an existing directory or file.' in C:\wamp\yiiframework1.1.12\YiiBase.php:343
Stack trace:
#0 C:\wamp\yiiframework1.1.12\web\CWidgetFactory.php(147): YiiBase::import('bootstrap.widge...', true)
#1 C:\wamp\yiiframework1.1.12\web\CBaseController.php(147): CWidgetFactory->createWidget(Object(SiteController), 'bootstrap.widge...', Array)
#2 C:\wamp\yiiframework1.1.12\web\CBaseController.php(173): CBaseController->createWidget('bootstrap.widge...', Array)
#3 C:\wamp\www\bronco\protected\views\layouts\main.php(87): CBaseController->widget('bootstrap.widge...', Array)
#4 C:\wamp\yiiframework1.1.12\web\CBaseController.php(127): require('C:\wamp\www\bro...')
#5 C:\wamp\yiiframework1.1.12\web\CBaseController.php(96): CBaseController->renderInternal('C:\wamp\www\bro...', Array, true)
#6 C:\wamp\yiiframework1.1.12\web\widgets\CContentDecorator.php(77): CBaseController->renderFile('C:\wamp\www\bro...', Array, true)
#7 C:\wamp\yiiframework1.1.12\web\widgets\CContentDecorator.php(55): CContentDecorator->decorate('<div id="conten...')
#8 C:\wamp\yiiframework1.1.12\web\widgets\COutputProcessor.php(45): CContentDecorator->processOutput('<div id="conten...')
#9 C:\wamp\yiiframework1.1.12\web\CBaseController.php(207): COutputProcessor->run()
#10 C:\wamp\yiiframework1.1.12\web\CBaseController.php(301): CBaseController->endWidget('CContentDecorat...')
#11 C:\wamp\www\bronco\protected\views\layouts\column1.php(6): CBaseController->endContent()
#12 C:\wamp\yiiframework1.1.12\web\CBaseController.php(127): require('C:\wamp\www\bro...')
#13 C:\wamp\yiiframework1.1.12\web\CBaseController.php(96): CBaseController->renderInternal('C:\wamp\www\bro...', Array, true)
#14 C:\wamp\yiiframework1.1.12\web\CController.php(785): CBaseController->renderFile('C:\wamp\www\bro...', Array, true)
#15 C:\wamp\www\bronco\protected\controllers\SiteController.php(32): CController->render('index')
#16 C:\wamp\yiiframework1.1.12\web\actions\CInlineAction.php(50): SiteController->actionIndex()
#17 C:\wamp\yiiframework1.1.12\web\CController.php(309): CInlineAction->runWithParams(Array)
#18 C:\wamp\yiiframework1.1.12\web\CController.php(287): CController->runAction(Object(CInlineAction))
#19 C:\wamp\yiiframework1.1.12\web\CController.php(266): CController->runActionWithFilters(Object(CInlineAction), Array)
#20 C:\wamp\yiiframework1.1.12\web\CWebApplication.php(283): CController->run('')
#21 C:\wamp\yiiframework1.1.12\web\CWebApplication.php(142): CWebApplication->runController('')
#22 C:\wamp\yiiframework1.1.12\base\CApplication.php(162): CWebApplication->processRequest()
#23 C:\wamp\www\bronco\index.php(13): CApplication->run()
#24 {main}
REQUEST_URI=/bronco/
---
2013/09/29 14:23:42 [error] [exception.CException] exception 'CException' with message 'Alias "bootstrap.widgets.TbCarousel" is invalid. Make sure it points to an existing directory or file.' in C:\wamp\yiiframework1.1.12\YiiBase.php:343
Stack trace:
#0 C:\wamp\yiiframework1.1.12\web\CWidgetFactory.php(147): YiiBase::import('bootstrap.widge...', true)
#1 C:\wamp\yiiframework1.1.12\web\CBaseController.php(147): CWidgetFactory->createWidget(Object(SiteController), 'bootstrap.widge...', Array)
#2 C:\wamp\yiiframework1.1.12\web\CBaseController.php(173): CBaseController->createWidget('bootstrap.widge...', Array)
#3 C:\wamp\www\bronco\protected\views\layouts\main.php(87): CBaseController->widget('bootstrap.widge...', Array)
#4 C:\wamp\yiiframework1.1.12\web\CBaseController.php(127): require('C:\wamp\www\bro...')
#5 C:\wamp\yiiframework1.1.12\web\CBaseController.php(96): CBaseController->renderInternal('C:\wamp\www\bro...', Array, true)
#6 C:\wamp\yiiframework1.1.12\web\widgets\CContentDecorator.php(77): CBaseController->renderFile('C:\wamp\www\bro...', Array, true)
#7 C:\wamp\yiiframework1.1.12\web\widgets\CContentDecorator.php(55): CContentDecorator->decorate('<div id="conten...')
#8 C:\wamp\yiiframework1.1.12\web\widgets\COutputProcessor.php(45): CContentDecorator->processOutput('<div id="conten...')
#9 C:\wamp\yiiframework1.1.12\web\CBaseController.php(207): COutputProcessor->run()
#10 C:\wamp\yiiframework1.1.12\web\CBaseController.php(301): CBaseController->endWidget('CContentDecorat...')
#11 C:\wamp\www\bronco\protected\views\layouts\column1.php(6): CBaseController->endContent()
#12 C:\wamp\yiiframework1.1.12\web\CBaseController.php(127): require('C:\wamp\www\bro...')
#13 C:\wamp\yiiframework1.1.12\web\CBaseController.php(96): CBaseController->renderInternal('C:\wamp\www\bro...', Array, true)
#14 C:\wamp\yiiframework1.1.12\web\CController.php(785): CBaseController->renderFile('C:\wamp\www\bro...', Array, true)
#15 C:\wamp\www\bronco\protected\controllers\SiteController.php(32): CController->render('index')
#16 C:\wamp\yiiframework1.1.12\web\actions\CInlineAction.php(50): SiteController->actionIndex()
#17 C:\wamp\yiiframework1.1.12\web\CController.php(309): CInlineAction->runWithParams(Array)
#18 C:\wamp\yiiframework1.1.12\web\CController.php(287): CController->runAction(Object(CInlineAction))
#19 C:\wamp\yiiframework1.1.12\web\CController.php(266): CController->runActionWithFilters(Object(CInlineAction), Array)
#20 C:\wamp\yiiframework1.1.12\web\CWebApplication.php(283): CController->run('')
#21 C:\wamp\yiiframework1.1.12\web\CWebApplication.php(142): CWebApplication->runController('')
#22 C:\wamp\yiiframework1.1.12\base\CApplication.php(162): CWebApplication->processRequest()
#23 C:\wamp\www\bronco\index.php(13): CApplication->run()
#24 {main}
REQUEST_URI=/bronco/
---
2013/09/29 14:23:44 [error] [exception.CException] exception 'CException' with message 'Alias "bootstrap.widgets.TbCarousel" is invalid. Make sure it points to an existing directory or file.' in C:\wamp\yiiframework1.1.12\YiiBase.php:343
Stack trace:
#0 C:\wamp\yiiframework1.1.12\web\CWidgetFactory.php(147): YiiBase::import('bootstrap.widge...', true)
#1 C:\wamp\yiiframework1.1.12\web\CBaseController.php(147): CWidgetFactory->createWidget(Object(SiteController), 'bootstrap.widge...', Array)
#2 C:\wamp\yiiframework1.1.12\web\CBaseController.php(173): CBaseController->createWidget('bootstrap.widge...', Array)
#3 C:\wamp\www\bronco\protected\views\layouts\main.php(87): CBaseController->widget('bootstrap.widge...', Array)
#4 C:\wamp\yiiframework1.1.12\web\CBaseController.php(127): require('C:\wamp\www\bro...')
#5 C:\wamp\yiiframework1.1.12\web\CBaseController.php(96): CBaseController->renderInternal('C:\wamp\www\bro...', Array, true)
#6 C:\wamp\yiiframework1.1.12\web\widgets\CContentDecorator.php(77): CBaseController->renderFile('C:\wamp\www\bro...', Array, true)
#7 C:\wamp\yiiframework1.1.12\web\widgets\CContentDecorator.php(55): CContentDecorator->decorate('<div id="conten...')
#8 C:\wamp\yiiframework1.1.12\web\widgets\COutputProcessor.php(45): CContentDecorator->processOutput('<div id="conten...')
#9 C:\wamp\yiiframework1.1.12\web\CBaseController.php(207): COutputProcessor->run()
#10 C:\wamp\yiiframework1.1.12\web\CBaseController.php(301): CBaseController->endWidget('CContentDecorat...')
#11 C:\wamp\www\bronco\protected\views\layouts\column1.php(6): CBaseController->endContent()
#12 C:\wamp\yiiframework1.1.12\web\CBaseController.php(127): require('C:\wamp\www\bro...')
#13 C:\wamp\yiiframework1.1.12\web\CBaseController.php(96): CBaseController->renderInternal('C:\wamp\www\bro...', Array, true)
#14 C:\wamp\yiiframework1.1.12\web\CController.php(785): CBaseController->renderFile('C:\wamp\www\bro...', Array, true)
#15 C:\wamp\www\bronco\protected\controllers\SiteController.php(32): CController->render('index')
#16 C:\wamp\yiiframework1.1.12\web\actions\CInlineAction.php(50): SiteController->actionIndex()
#17 C:\wamp\yiiframework1.1.12\web\CController.php(309): CInlineAction->runWithParams(Array)
#18 C:\wamp\yiiframework1.1.12\web\CController.php(287): CController->runAction(Object(CInlineAction))
#19 C:\wamp\yiiframework1.1.12\web\CController.php(266): CController->runActionWithFilters(Object(CInlineAction), Array)
#20 C:\wamp\yiiframework1.1.12\web\CWebApplication.php(283): CController->run('')
#21 C:\wamp\yiiframework1.1.12\web\CWebApplication.php(142): CWebApplication->runController('')
#22 C:\wamp\yiiframework1.1.12\base\CApplication.php(162): CWebApplication->processRequest()
#23 C:\wamp\www\bronco\index.php(13): CApplication->run()
#24 {main}
REQUEST_URI=/bronco/
---
2013/09/29 14:25:04 [error] [exception.CException] exception 'CException' with message 'Alias "bootstrap.widgets.TbCarousel" is invalid. Make sure it points to an existing directory or file.' in C:\wamp\yiiframework1.1.12\YiiBase.php:343
Stack trace:
#0 C:\wamp\yiiframework1.1.12\web\CWidgetFactory.php(147): YiiBase::import('bootstrap.widge...', true)
#1 C:\wamp\yiiframework1.1.12\web\CBaseController.php(147): CWidgetFactory->createWidget(Object(SiteController), 'bootstrap.widge...', Array)
#2 C:\wamp\yiiframework1.1.12\web\CBaseController.php(173): CBaseController->createWidget('bootstrap.widge...', Array)
#3 C:\wamp\www\bronco\protected\views\layouts\main.php(87): CBaseController->widget('bootstrap.widge...', Array)
#4 C:\wamp\yiiframework1.1.12\web\CBaseController.php(127): require('C:\wamp\www\bro...')
#5 C:\wamp\yiiframework1.1.12\web\CBaseController.php(96): CBaseController->renderInternal('C:\wamp\www\bro...', Array, true)
#6 C:\wamp\yiiframework1.1.12\web\widgets\CContentDecorator.php(77): CBaseController->renderFile('C:\wamp\www\bro...', Array, true)
#7 C:\wamp\yiiframework1.1.12\web\widgets\CContentDecorator.php(55): CContentDecorator->decorate('<div id="conten...')
#8 C:\wamp\yiiframework1.1.12\web\widgets\COutputProcessor.php(45): CContentDecorator->processOutput('<div id="conten...')
#9 C:\wamp\yiiframework1.1.12\web\CBaseController.php(207): COutputProcessor->run()
#10 C:\wamp\yiiframework1.1.12\web\CBaseController.php(301): CBaseController->endWidget('CContentDecorat...')
#11 C:\wamp\www\bronco\protected\views\layouts\column1.php(6): CBaseController->endContent()
#12 C:\wamp\yiiframework1.1.12\web\CBaseController.php(127): require('C:\wamp\www\bro...')
#13 C:\wamp\yiiframework1.1.12\web\CBaseController.php(96): CBaseController->renderInternal('C:\wamp\www\bro...', Array, true)
#14 C:\wamp\yiiframework1.1.12\web\CController.php(785): CBaseController->renderFile('C:\wamp\www\bro...', Array, true)
#15 C:\wamp\www\bronco\protected\controllers\SiteController.php(32): CController->render('index')
#16 C:\wamp\yiiframework1.1.12\web\actions\CInlineAction.php(50): SiteController->actionIndex()
#17 C:\wamp\yiiframework1.1.12\web\CController.php(309): CInlineAction->runWithParams(Array)
#18 C:\wamp\yiiframework1.1.12\web\CController.php(287): CController->runAction(Object(CInlineAction))
#19 C:\wamp\yiiframework1.1.12\web\CController.php(266): CController->runActionWithFilters(Object(CInlineAction), Array)
#20 C:\wamp\yiiframework1.1.12\web\CWebApplication.php(283): CController->run('')
#21 C:\wamp\yiiframework1.1.12\web\CWebApplication.php(142): CWebApplication->runController('')
#22 C:\wamp\yiiframework1.1.12\base\CApplication.php(162): CWebApplication->processRequest()
#23 C:\wamp\www\bronco\index.php(13): CApplication->run()
#24 {main}
REQUEST_URI=/bronco/
---
